<?xml version="1.0" encoding="UTF-8"?>
<testng-results ignored="0" total="14" passed="14" failed="0" skipped="0">
  <reporter-output>
  </reporter-output>
  <suite started-at="2023-05-06T16:25:32 IST" name="All Test Suite" finished-at="2023-05-06T16:26:35 IST" duration-ms="62630">
    <groups>
      <group name="functional">
        <method signature="HurtMePlentyTest.environmentTest()[pri:1, instance:com.taskB.HurtMePlentyTest@233fe9b6]" name="environmentTest" class="com.taskB.HurtMePlentyTest"/>
        <method signature="HurtMePlentyTest.homePageTest()[pri:2, instance:com.taskB.HurtMePlentyTest@233fe9b6]" name="homePageTest" class="com.taskB.HurtMePlentyTest"/>
        <method signature="HurtMePlentyTest.clickOnSearchResult()[pri:3, instance:com.taskB.HurtMePlentyTest@233fe9b6]" name="clickOnSearchResult" class="com.taskB.HurtMePlentyTest"/>
      </group> <!-- functional -->
      <group name="smoke">
        <method signature="HurtMePlentyTest.environmentTest()[pri:1, instance:com.taskB.HurtMePlentyTest@233fe9b6]" name="environmentTest" class="com.taskB.HurtMePlentyTest"/>
        <method signature="HurtMePlentyTest.homePageTest()[pri:2, instance:com.taskB.HurtMePlentyTest@233fe9b6]" name="homePageTest" class="com.taskB.HurtMePlentyTest"/>
        <method signature="HurtMePlentyTest.clickOnSearchResult()[pri:3, instance:com.taskB.HurtMePlentyTest@233fe9b6]" name="clickOnSearchResult" class="com.taskB.HurtMePlentyTest"/>
        <method signature="HurtMePlentyTest.noOfInstance()[pri:4, instance:com.taskB.HurtMePlentyTest@233fe9b6]" name="noOfInstance" class="com.taskB.HurtMePlentyTest"/>
        <method signature="HurtMePlentyTest.setSeries()[pri:5, instance:com.taskB.HurtMePlentyTest@233fe9b6]" name="setSeries" class="com.taskB.HurtMePlentyTest"/>
        <method signature="HurtMePlentyTest.setMachineTypes()[pri:6, instance:com.taskB.HurtMePlentyTest@233fe9b6]" name="setMachineTypes" class="com.taskB.HurtMePlentyTest"/>
        <method signature="HurtMePlentyTest.setSustainedUseDiscounts()[pri:7, instance:com.taskB.HurtMePlentyTest@233fe9b6]" name="setSustainedUseDiscounts" class="com.taskB.HurtMePlentyTest"/>
        <method signature="HurtMePlentyTest.setAddGPUs()[pri:8, instance:com.taskB.HurtMePlentyTest@233fe9b6]" name="setAddGPUs" class="com.taskB.HurtMePlentyTest"/>
        <method signature="HurtMePlentyTest.setGpuType()[pri:9, instance:com.taskB.HurtMePlentyTest@233fe9b6]" name="setGpuType" class="com.taskB.HurtMePlentyTest"/>
        <method signature="HurtMePlentyTest.setNoOfGPUs()[pri:10, instance:com.taskB.HurtMePlentyTest@233fe9b6]" name="setNoOfGPUs" class="com.taskB.HurtMePlentyTest"/>
        <method signature="HurtMePlentyTest.setLocalSSD()[pri:11, instance:com.taskB.HurtMePlentyTest@233fe9b6]" name="setLocalSSD" class="com.taskB.HurtMePlentyTest"/>
        <method signature="HurtMePlentyTest.setCommittedUsage()[pri:12, instance:com.taskB.HurtMePlentyTest@233fe9b6]" name="setCommittedUsage" class="com.taskB.HurtMePlentyTest"/>
        <method signature="HurtMePlentyTest.setAddToEstimate()[pri:13, instance:com.taskB.HurtMePlentyTest@233fe9b6]" name="setAddToEstimate" class="com.taskB.HurtMePlentyTest"/>
        <method signature="HurtMePlentyTest.closeDriver()[pri:14, instance:com.taskB.HurtMePlentyTest@233fe9b6]" name="closeDriver" class="com.taskB.HurtMePlentyTest"/>
      </group> <!-- smoke -->
    </groups>
    <test started-at="2023-05-06T16:25:32 IST" name="/Users/smitabose/IdeaProjects/IndividualProject/src/test/java/com/taskB/HurtMePlentyTest.java" finished-at="2023-05-06T16:26:35 IST" duration-ms="62630">
      <class name="com.taskB.HurtMePlentyTest">
        <test-method signature="environmentTest()[pri:1, instance:com.taskB.HurtMePlentyTest@233fe9b6]" started-at="2023-05-06T16:25:32 IST" name="environmentTest" finished-at="2023-05-06T16:25:41 IST" duration-ms="8467" status="PASS">
          <reporter-output>
          </reporter-output>
        </test-method> <!-- environmentTest -->
        <test-method is-config="true" signature="takeScreenshotOnFailure(org.testng.ITestResult)[pri:0, instance:com.taskB.HurtMePlentyTest@233fe9b6]" started-at="2023-05-06T16:25:41 IST" name="takeScreenshotOnFailure" finished-at="2023-05-06T16:25:41 IST" duration-ms="3" status="PASS">
          <params>
            <param index="0">
              <value>
                <![CDATA[[TestResult name=environmentTest status=SUCCESS method=HurtMePlentyTest.environmentTest()[pri:1, instance:com.taskB.HurtMePlentyTest@233fe9b6] output={null}]]]>
              </value>
            </param>
          </params>
          <reporter-output>
          </reporter-output>
        </test-method> <!-- takeScreenshotOnFailure -->
        <test-method signature="homePageTest()[pri:2, instance:com.taskB.HurtMePlentyTest@233fe9b6]" started-at="2023-05-06T16:25:41 IST" name="homePageTest" finished-at="2023-05-06T16:25:46 IST" duration-ms="5201" status="PASS">
          <reporter-output>
          </reporter-output>
        </test-method> <!-- homePageTest -->
        <test-method is-config="true" signature="takeScreenshotOnFailure(org.testng.ITestResult)[pri:0, instance:com.taskB.HurtMePlentyTest@233fe9b6]" started-at="2023-05-06T16:25:46 IST" name="takeScreenshotOnFailure" finished-at="2023-05-06T16:25:46 IST" duration-ms="1" status="PASS">
          <params>
            <param index="0">
              <value>
                <![CDATA[[TestResult name=homePageTest status=SUCCESS method=HurtMePlentyTest.homePageTest()[pri:2, instance:com.taskB.HurtMePlentyTest@233fe9b6] output={null}]]]>
              </value>
            </param>
          </params>
          <reporter-output>
          </reporter-output>
        </test-method> <!-- takeScreenshotOnFailure -->
        <test-method signature="clickOnSearchResult()[pri:3, instance:com.taskB.HurtMePlentyTest@233fe9b6]" started-at="2023-05-06T16:25:46 IST" name="clickOnSearchResult" finished-at="2023-05-06T16:25:59 IST" duration-ms="12964" status="PASS">
          <reporter-output>
          </reporter-output>
        </test-method> <!-- clickOnSearchResult -->
        <test-method is-config="true" signature="takeScreenshotOnFailure(org.testng.ITestResult)[pri:0, instance:com.taskB.HurtMePlentyTest@233fe9b6]" started-at="2023-05-06T16:25:59 IST" name="takeScreenshotOnFailure" finished-at="2023-05-06T16:25:59 IST" duration-ms="2" status="PASS">
          <params>
            <param index="0">
              <value>
                <![CDATA[[TestResult name=clickOnSearchResult status=SUCCESS method=HurtMePlentyTest.clickOnSearchResult()[pri:3, instance:com.taskB.HurtMePlentyTest@233fe9b6] output={null}]]]>
              </value>
            </param>
          </params>
          <reporter-output>
          </reporter-output>
        </test-method> <!-- takeScreenshotOnFailure -->
        <test-method signature="noOfInstance()[pri:4, instance:com.taskB.HurtMePlentyTest@233fe9b6]" started-at="2023-05-06T16:25:59 IST" name="noOfInstance" finished-at="2023-05-06T16:26:03 IST" duration-ms="4178" status="PASS">
          <reporter-output>
          </reporter-output>
        </test-method> <!-- noOfInstance -->
        <test-method is-config="true" signature="takeScreenshotOnFailure(org.testng.ITestResult)[pri:0, instance:com.taskB.HurtMePlentyTest@233fe9b6]" started-at="2023-05-06T16:26:03 IST" name="takeScreenshotOnFailure" finished-at="2023-05-06T16:26:03 IST" duration-ms="1" status="PASS">
          <params>
            <param index="0">
              <value>
                <![CDATA[[TestResult name=noOfInstance status=SUCCESS method=HurtMePlentyTest.noOfInstance()[pri:4, instance:com.taskB.HurtMePlentyTest@233fe9b6] output={null}]]]>
              </value>
            </param>
          </params>
          <reporter-output>
          </reporter-output>
        </test-method> <!-- takeScreenshotOnFailure -->
        <test-method signature="setSeries()[pri:5, instance:com.taskB.HurtMePlentyTest@233fe9b6]" started-at="2023-05-06T16:26:03 IST" name="setSeries" finished-at="2023-05-06T16:26:07 IST" duration-ms="4211" status="PASS">
          <reporter-output>
          </reporter-output>
        </test-method> <!-- setSeries -->
        <test-method is-config="true" signature="takeScreenshotOnFailure(org.testng.ITestResult)[pri:0, instance:com.taskB.HurtMePlentyTest@233fe9b6]" started-at="2023-05-06T16:26:07 IST" name="takeScreenshotOnFailure" finished-at="2023-05-06T16:26:07 IST" duration-ms="1" status="PASS">
          <params>
            <param index="0">
              <value>
                <![CDATA[[TestResult name=setSeries status=SUCCESS method=HurtMePlentyTest.setSeries()[pri:5, instance:com.taskB.HurtMePlentyTest@233fe9b6] output={null}]]]>
              </value>
            </param>
          </params>
          <reporter-output>
          </reporter-output>
        </test-method> <!-- takeScreenshotOnFailure -->
        <test-method signature="setMachineTypes()[pri:6, instance:com.taskB.HurtMePlentyTest@233fe9b6]" started-at="2023-05-06T16:26:07 IST" name="setMachineTypes" finished-at="2023-05-06T16:26:12 IST" duration-ms="4194" status="PASS">
          <reporter-output>
          </reporter-output>
        </test-method> <!-- setMachineTypes -->
        <test-method is-config="true" signature="takeScreenshotOnFailure(org.testng.ITestResult)[pri:0, instance:com.taskB.HurtMePlentyTest@233fe9b6]" started-at="2023-05-06T16:26:12 IST" name="takeScreenshotOnFailure" finished-at="2023-05-06T16:26:12 IST" duration-ms="1" status="PASS">
          <params>
            <param index="0">
              <value>
                <![CDATA[[TestResult name=setMachineTypes status=SUCCESS method=HurtMePlentyTest.setMachineTypes()[pri:6, instance:com.taskB.HurtMePlentyTest@233fe9b6] output={null}]]]>
              </value>
            </param>
          </params>
          <reporter-output>
          </reporter-output>
        </test-method> <!-- takeScreenshotOnFailure -->
        <test-method signature="setSustainedUseDiscounts()[pri:7, instance:com.taskB.HurtMePlentyTest@233fe9b6]" started-at="2023-05-06T16:26:12 IST" name="setSustainedUseDiscounts" finished-at="2023-05-06T16:26:14 IST" duration-ms="2094" status="PASS">
          <reporter-output>
          </reporter-output>
        </test-method> <!-- setSustainedUseDiscounts -->
        <test-method is-config="true" signature="takeScreenshotOnFailure(org.testng.ITestResult)[pri:0, instance:com.taskB.HurtMePlentyTest@233fe9b6]" started-at="2023-05-06T16:26:14 IST" name="takeScreenshotOnFailure" finished-at="2023-05-06T16:26:14 IST" duration-ms="1" status="PASS">
          <params>
            <param index="0">
              <value>
                <![CDATA[[TestResult name=setSustainedUseDiscounts status=SUCCESS method=HurtMePlentyTest.setSustainedUseDiscounts()[pri:7, instance:com.taskB.HurtMePlentyTest@233fe9b6] output={null}]]]>
              </value>
            </param>
          </params>
          <reporter-output>
          </reporter-output>
        </test-method> <!-- takeScreenshotOnFailure -->
        <test-method signature="setAddGPUs()[pri:8, instance:com.taskB.HurtMePlentyTest@233fe9b6]" started-at="2023-05-06T16:26:14 IST" name="setAddGPUs" finished-at="2023-05-06T16:26:16 IST" duration-ms="2099" status="PASS">
          <reporter-output>
          </reporter-output>
        </test-method> <!-- setAddGPUs -->
        <test-method is-config="true" signature="takeScreenshotOnFailure(org.testng.ITestResult)[pri:0, instance:com.taskB.HurtMePlentyTest@233fe9b6]" started-at="2023-05-06T16:26:16 IST" name="takeScreenshotOnFailure" finished-at="2023-05-06T16:26:16 IST" duration-ms="1" status="PASS">
          <params>
            <param index="0">
              <value>
                <![CDATA[[TestResult name=setAddGPUs status=SUCCESS method=HurtMePlentyTest.setAddGPUs()[pri:8, instance:com.taskB.HurtMePlentyTest@233fe9b6] output={null}]]]>
              </value>
            </param>
          </params>
          <reporter-output>
          </reporter-output>
        </test-method> <!-- takeScreenshotOnFailure -->
        <test-method signature="setGpuType()[pri:9, instance:com.taskB.HurtMePlentyTest@233fe9b6]" started-at="2023-05-06T16:26:16 IST" name="setGpuType" finished-at="2023-05-06T16:26:20 IST" duration-ms="4193" status="PASS">
          <reporter-output>
          </reporter-output>
        </test-method> <!-- setGpuType -->
        <test-method is-config="true" signature="takeScreenshotOnFailure(org.testng.ITestResult)[pri:0, instance:com.taskB.HurtMePlentyTest@233fe9b6]" started-at="2023-05-06T16:26:20 IST" name="takeScreenshotOnFailure" finished-at="2023-05-06T16:26:20 IST" duration-ms="1" status="PASS">
          <params>
            <param index="0">
              <value>
                <![CDATA[[TestResult name=setGpuType status=SUCCESS method=HurtMePlentyTest.setGpuType()[pri:9, instance:com.taskB.HurtMePlentyTest@233fe9b6] output={null}]]]>
              </value>
            </param>
          </params>
          <reporter-output>
          </reporter-output>
        </test-method> <!-- takeScreenshotOnFailure -->
        <test-method signature="setNoOfGPUs()[pri:10, instance:com.taskB.HurtMePlentyTest@233fe9b6]" started-at="2023-05-06T16:26:20 IST" name="setNoOfGPUs" finished-at="2023-05-06T16:26:24 IST" duration-ms="4189" status="PASS">
          <reporter-output>
          </reporter-output>
        </test-method> <!-- setNoOfGPUs -->
        <test-method is-config="true" signature="takeScreenshotOnFailure(org.testng.ITestResult)[pri:0, instance:com.taskB.HurtMePlentyTest@233fe9b6]" started-at="2023-05-06T16:26:24 IST" name="takeScreenshotOnFailure" finished-at="2023-05-06T16:26:24 IST" duration-ms="1" status="PASS">
          <params>
            <param index="0">
              <value>
                <![CDATA[[TestResult name=setNoOfGPUs status=SUCCESS method=HurtMePlentyTest.setNoOfGPUs()[pri:10, instance:com.taskB.HurtMePlentyTest@233fe9b6] output={null}]]]>
              </value>
            </param>
          </params>
          <reporter-output>
          </reporter-output>
        </test-method> <!-- takeScreenshotOnFailure -->
        <test-method signature="setLocalSSD()[pri:11, instance:com.taskB.HurtMePlentyTest@233fe9b6]" started-at="2023-05-06T16:26:24 IST" name="setLocalSSD" finished-at="2023-05-06T16:26:28 IST" duration-ms="4171" status="PASS">
          <reporter-output>
          </reporter-output>
        </test-method> <!-- setLocalSSD -->
        <test-method is-config="true" signature="takeScreenshotOnFailure(org.testng.ITestResult)[pri:0, instance:com.taskB.HurtMePlentyTest@233fe9b6]" started-at="2023-05-06T16:26:28 IST" name="takeScreenshotOnFailure" finished-at="2023-05-06T16:26:28 IST" duration-ms="1" status="PASS">
          <params>
            <param index="0">
              <value>
                <![CDATA[[TestResult name=setLocalSSD status=SUCCESS method=HurtMePlentyTest.setLocalSSD()[pri:11, instance:com.taskB.HurtMePlentyTest@233fe9b6] output={null}]]]>
              </value>
            </param>
          </params>
          <reporter-output>
          </reporter-output>
        </test-method> <!-- takeScreenshotOnFailure -->
        <test-method signature="setCommittedUsage()[pri:12, instance:com.taskB.HurtMePlentyTest@233fe9b6]" started-at="2023-05-06T16:26:28 IST" name="setCommittedUsage" finished-at="2023-05-06T16:26:32 IST" duration-ms="4194" status="PASS">
          <reporter-output>
          </reporter-output>
        </test-method> <!-- setCommittedUsage -->
        <test-method is-config="true" signature="takeScreenshotOnFailure(org.testng.ITestResult)[pri:0, instance:com.taskB.HurtMePlentyTest@233fe9b6]" started-at="2023-05-06T16:26:33 IST" name="takeScreenshotOnFailure" finished-at="2023-05-06T16:26:33 IST" duration-ms="1" status="PASS">
          <params>
            <param index="0">
              <value>
                <![CDATA[[TestResult name=setCommittedUsage status=SUCCESS method=HurtMePlentyTest.setCommittedUsage()[pri:12, instance:com.taskB.HurtMePlentyTest@233fe9b6] output={null}]]]>
              </value>
            </param>
          </params>
          <reporter-output>
          </reporter-output>
        </test-method> <!-- takeScreenshotOnFailure -->
        <test-method signature="setAddToEstimate()[pri:13, instance:com.taskB.HurtMePlentyTest@233fe9b6]" started-at="2023-05-06T16:26:33 IST" name="setAddToEstimate" finished-at="2023-05-06T16:26:35 IST" duration-ms="2172" status="PASS">
          <reporter-output>
          </reporter-output>
        </test-method> <!-- setAddToEstimate -->
        <test-method is-config="true" signature="takeScreenshotOnFailure(org.testng.ITestResult)[pri:0, instance:com.taskB.HurtMePlentyTest@233fe9b6]" started-at="2023-05-06T16:26:35 IST" name="takeScreenshotOnFailure" finished-at="2023-05-06T16:26:35 IST" duration-ms="1" status="PASS">
          <params>
            <param index="0">
              <value>
                <![CDATA[[TestResult name=setAddToEstimate status=SUCCESS method=HurtMePlentyTest.setAddToEstimate()[pri:13, instance:com.taskB.HurtMePlentyTest@233fe9b6] output={null}]]]>
              </value>
            </param>
          </params>
          <reporter-output>
          </reporter-output>
        </test-method> <!-- takeScreenshotOnFailure -->
        <test-method signature="closeDriver()[pri:14, instance:com.taskB.HurtMePlentyTest@233fe9b6]" started-at="2023-05-06T16:26:35 IST" name="closeDriver" finished-at="2023-05-06T16:26:35 IST" duration-ms="236" status="PASS">
          <reporter-output>
          </reporter-output>
        </test-method> <!-- closeDriver -->
        <test-method is-config="true" signature="takeScreenshotOnFailure(org.testng.ITestResult)[pri:0, instance:com.taskB.HurtMePlentyTest@233fe9b6]" started-at="2023-05-06T16:26:35 IST" name="takeScreenshotOnFailure" finished-at="2023-05-06T16:26:35 IST" duration-ms="0" status="PASS">
          <params>
            <param index="0">
              <value>
                <![CDATA[[TestResult name=closeDriver status=SUCCESS method=HurtMePlentyTest.closeDriver()[pri:14, instance:com.taskB.HurtMePlentyTest@233fe9b6] output={null}]]]>
              </value>
            </param>
          </params>
          <reporter-output>
          </reporter-output>
        </test-method> <!-- takeScreenshotOnFailure -->
      </class> <!-- com.taskB.HurtMePlentyTest -->
    </test> <!-- /Users/smitabose/IdeaProjects/IndividualProject/src/test/java/com/taskB/HurtMePlentyTest.java -->
  </suite> <!-- All Test Suite -->
</testng-results>
