<?xml version="1.0" encoding="UTF-8"?>
<!-- Generated by org.testng.reporters.JUnitXMLReporter -->
<testsuite ignored="0" hostname="Smitas-MacBook-Air.local" failures="0" tests="14" name="/Users/smitabose/IdeaProjects/IndividualProject/src/test/java/com/taskB/HurtMePlentyTest.java" time="60.802" errors="0" timestamp="2023-05-06T16:50:20 IST">
  <testcase classname="com.taskB.HurtMePlentyTest" name="environmentTest" time="7.572"/>
  <testcase classname="com.taskB.HurtMePlentyTest" name="homePageTest" time="5.188"/>
  <testcase classname="com.taskB.HurtMePlentyTest" name="clickOnSearchResult" time="12.229"/>
  <testcase classname="com.taskB.HurtMePlentyTest" name="noOfInstance" time="4.14"/>
  <testcase classname="com.taskB.HurtMePlentyTest" name="setSeries" time="4.189"/>
  <testcase classname="com.taskB.HurtMePlentyTest" name="setMachineTypes" time="4.171"/>
  <testcase classname="com.taskB.HurtMePlentyTest" name="setSustainedUseDiscounts" time="2.088"/>
  <testcase classname="com.taskB.HurtMePlentyTest" name="setAddGPUs" time="2.09"/>
  <testcase classname="com.taskB.HurtMePlentyTest" name="setGpuType" time="4.173"/>
  <testcase classname="com.taskB.HurtMePlentyTest" name="setNoOfGPUs" time="4.17"/>
  <testcase classname="com.taskB.HurtMePlentyTest" name="setLocalSSD" time="4.173"/>
  <testcase classname="com.taskB.HurtMePlentyTest" name="setCommittedUsage" time="4.169"/>
  <testcase classname="com.taskB.HurtMePlentyTest" name="setAddToEstimate" time="2.151"/>
  <testcase classname="com.taskB.HurtMePlentyTest" name="closeDriver" time="0.237"/>
</testsuite> <!-- /Users/smitabose/IdeaProjects/IndividualProject/src/test/java/com/taskB/HurtMePlentyTest.java -->
