<?xml version="1.0" encoding="UTF-8"?>
<!-- Generated by org.testng.reporters.JUnitXMLReporter -->
<testsuite ignored="0" hostname="Smitas-MacBook-Air.local" failures="0" tests="14" name="/Users/smitabose/IdeaProjects/IndividualProject/src/test/java/com/taskB/HurtMePlentyTest.java" time="62.63" errors="0" timestamp="2023-05-06T16:26:35 IST">
  <testcase classname="com.taskB.HurtMePlentyTest" name="environmentTest" time="8.467"/>
  <testcase classname="com.taskB.HurtMePlentyTest" name="homePageTest" time="5.201"/>
  <testcase classname="com.taskB.HurtMePlentyTest" name="clickOnSearchResult" time="12.964"/>
  <testcase classname="com.taskB.HurtMePlentyTest" name="noOfInstance" time="4.178"/>
  <testcase classname="com.taskB.HurtMePlentyTest" name="setSeries" time="4.211"/>
  <testcase classname="com.taskB.HurtMePlentyTest" name="setMachineTypes" time="4.194"/>
  <testcase classname="com.taskB.HurtMePlentyTest" name="setSustainedUseDiscounts" time="2.094"/>
  <testcase classname="com.taskB.HurtMePlentyTest" name="setAddGPUs" time="2.099"/>
  <testcase classname="com.taskB.HurtMePlentyTest" name="setGpuType" time="4.193"/>
  <testcase classname="com.taskB.HurtMePlentyTest" name="setNoOfGPUs" time="4.189"/>
  <testcase classname="com.taskB.HurtMePlentyTest" name="setLocalSSD" time="4.171"/>
  <testcase classname="com.taskB.HurtMePlentyTest" name="setCommittedUsage" time="4.194"/>
  <testcase classname="com.taskB.HurtMePlentyTest" name="setAddToEstimate" time="2.172"/>
  <testcase classname="com.taskB.HurtMePlentyTest" name="closeDriver" time="0.236"/>
</testsuite> <!-- /Users/smitabose/IdeaProjects/IndividualProject/src/test/java/com/taskB/HurtMePlentyTest.java -->
